<?xml version="1.0" encoding="UTF-8"?>
<testsuite name="com.example.phonebook.service.PhonebookServiceTest" tests="4" skipped="0" failures="0" errors="0" timestamp="2025-12-06T06:44:29.427Z" hostname="DESKTOP-PD2TFM3" time="0.3">
  <properties/>
  <testcase name="sortByName()" classname="com.example.phonebook.service.PhonebookServiceTest" time="0.264"/>
  <testcase name="searchByName()" classname="com.example.phonebook.service.PhonebookServiceTest" time="0.013"/>
  <testcase name="addContactAndGetAll()" classname="com.example.phonebook.service.PhonebookServiceTest" time="0.009"/>
  <testcase name="searchByPhone()" classname="com.example.phonebook.service.PhonebookServiceTest" time="0.01"/>
  <system-out><![CDATA[[09:44:29] [INFO ] PhonebookStorage - Создан PhonebookStorage с файлом: C:\Users\DJormix\AppData\Local\Temp\junit4698650922265961838\phonebook-test.bin
[09:44:29] [INFO ] PhonebookService - Инициализация PhonebookService. Файл: C:\Users\DJormix\AppData\Local\Temp\junit4698650922265961838\phonebook-test.bin
[09:44:29] [WARN ] PhonebookStorage - Файл C:\Users\DJormix\AppData\Local\Temp\junit4698650922265961838\phonebook-test.bin не найден. Возвращаю пустой список контактов.
[09:44:29] [INFO ] PhonebookService - Загрузка завершена. Количество контактов: 0
[09:44:29] [INFO ] PhonebookService - Добавлен контакт: Петров Пётр Петрович
[09:44:29] [INFO ] PhonebookStorage - Успешно сохранены контакты. Количество: 1
[09:44:29] [INFO ] PhonebookService - Добавлен контакт: Иванов Иван Иванович
[09:44:29] [INFO ] PhonebookStorage - Успешно сохранены контакты. Количество: 2
[09:44:29] [INFO ] PhonebookStorage - Создан PhonebookStorage с файлом: C:\Users\DJormix\AppData\Local\Temp\junit12774105438663906764\phonebook-test.bin
[09:44:29] [INFO ] PhonebookService - Инициализация PhonebookService. Файл: C:\Users\DJormix\AppData\Local\Temp\junit12774105438663906764\phonebook-test.bin
[09:44:29] [WARN ] PhonebookStorage - Файл C:\Users\DJormix\AppData\Local\Temp\junit12774105438663906764\phonebook-test.bin не найден. Возвращаю пустой список контактов.
[09:44:29] [INFO ] PhonebookService - Загрузка завершена. Количество контактов: 0
[09:44:29] [INFO ] PhonebookService - Добавлен контакт: Петров Пётр Петрович
[09:44:29] [INFO ] PhonebookStorage - Успешно сохранены контакты. Количество: 1
[09:44:29] [INFO ] PhonebookService - Добавлен контакт: Иванов Иван Иванович
[09:44:29] [INFO ] PhonebookStorage - Успешно сохранены контакты. Количество: 2
[09:44:29] [INFO ] PhonebookStorage - Создан PhonebookStorage с файлом: C:\Users\DJormix\AppData\Local\Temp\junit15621572280258955607\phonebook-test.bin
[09:44:29] [INFO ] PhonebookService - Инициализация PhonebookService. Файл: C:\Users\DJormix\AppData\Local\Temp\junit15621572280258955607\phonebook-test.bin
[09:44:29] [WARN ] PhonebookStorage - Файл C:\Users\DJormix\AppData\Local\Temp\junit15621572280258955607\phonebook-test.bin не найден. Возвращаю пустой список контактов.
[09:44:29] [INFO ] PhonebookService - Загрузка завершена. Количество контактов: 0
[09:44:29] [INFO ] PhonebookService - Добавлен контакт: Иванов Иван Иванович
[09:44:29] [INFO ] PhonebookStorage - Успешно сохранены контакты. Количество: 1
[09:44:29] [INFO ] PhonebookStorage - Создан PhonebookStorage с файлом: C:\Users\DJormix\AppData\Local\Temp\junit1046038670964952861\phonebook-test.bin
[09:44:29] [INFO ] PhonebookService - Инициализация PhonebookService. Файл: C:\Users\DJormix\AppData\Local\Temp\junit1046038670964952861\phonebook-test.bin
[09:44:29] [WARN ] PhonebookStorage - Файл C:\Users\DJormix\AppData\Local\Temp\junit1046038670964952861\phonebook-test.bin не найден. Возвращаю пустой список контактов.
[09:44:29] [INFO ] PhonebookService - Загрузка завершена. Количество контактов: 0
[09:44:29] [INFO ] PhonebookService - Добавлен контакт: Петров Пётр Петрович
[09:44:29] [INFO ] PhonebookStorage - Успешно сохранены контакты. Количество: 1
[09:44:29] [INFO ] PhonebookService - Добавлен контакт: Иванов Иван Иванович
[09:44:29] [INFO ] PhonebookStorage - Успешно сохранены контакты. Количество: 2
]]></system-out>
  <system-err><![CDATA[]]></system-err>
</testsuite>
